<?xml version="1.0" encoding="utf-8"?><testsuites name="pytest tests"><testsuite name="pytest" errors="0" failures="0" skipped="0" tests="18" time="3.216" timestamp="2026-04-28T00:51:46.791465+00:00" hostname="agent-env-6a634c46-e20b-41a0-9b43-4fe806f8c882"><testcase classname="backend.tests.test_miso_fix_it.TestPackages" name="test_root" time="0.174" /><testcase classname="backend.tests.test_miso_fix_it.TestPackages" name="test_list_packages" time="0.056" /><testcase classname="backend.tests.test_miso_fix_it.TestPackages" name="test_get_package" time="0.056" /><testcase classname="backend.tests.test_miso_fix_it.TestPackages" name="test_get_package_404" time="0.052" /><testcase classname="backend.tests.test_miso_fix_it.TestApplications" name="test_create_application" time="0.063" /><testcase classname="backend.tests.test_miso_fix_it.TestApplications" name="test_create_invalid_schedule" time="0.055" /><testcase classname="backend.tests.test_miso_fix_it.TestApplications" name="test_create_invalid_package" time="0.051" /><testcase classname="backend.tests.test_miso_fix_it.TestApplications" name="test_create_missing_required_field" time="0.051" /><testcase classname="backend.tests.test_miso_fix_it.TestApplications" name="test_get_application" time="0.053" /><testcase classname="backend.tests.test_miso_fix_it.TestApplications" name="test_get_application_404" time="0.057" /><testcase classname="backend.tests.test_miso_fix_it.TestApplications" name="test_list_applications" time="0.053" /><testcase classname="backend.tests.test_miso_fix_it.TestCheckout" name="test_create_checkout_session_monthly" time="0.702" /><testcase classname="backend.tests.test_miso_fix_it.TestCheckout" name="test_create_checkout_straight_deposit" time="0.489" /><testcase classname="backend.tests.test_miso_fix_it.TestCheckout" name="test_create_checkout_weekly" time="0.449" /><testcase classname="backend.tests.test_miso_fix_it.TestCheckout" name="test_create_checkout_biweekly" time="0.461" /><testcase classname="backend.tests.test_miso_fix_it.TestCheckout" name="test_create_checkout_invalid_app" time="0.050" /><testcase classname="backend.tests.test_miso_fix_it.TestCheckout" name="test_status_endpoint" time="0.224" /><testcase classname="backend.tests.test_miso_fix_it.TestCheckout" name="test_status_unknown_session" time="0.056" /></testsuite></testsuites>